3	ps_scan|v1.88	PS00588	13	33	.	.	.	Name "FLAGELLA_BB_ROD" ; LevelTag "(0)" ; Sequence "AlTaqsqrlnVAASNLANaDS" ; SequenceDescription "3" ; KnownFalsePos 4
19	ps_scan|v1.88	PS00768	32	47	.	.	.	Name "TRANSTHYRETIN_1" ; LevelTag "(0)" ; Sequence "HILNqqtGkPAadVtV" ; SequenceDescription "19" ; KnownFalsePos 0
19	ps_scan|v1.88	PS00769	120	132	.	.	.	Name "TRANSTHYRETIN_2" ; LevelTag "(0)" ; Sequence "YHVPllLSQYGYS" ; SequenceDescription "19" ; KnownFalsePos 0
22	ps_scan|v1.88	PS00517	38	46	.	.	.	Name "RNASE_3_1" ; LevelTag "(0)" ; Sequence "ERLEFLGDS" ; SequenceDescription "22" ; KnownFalsePos 0
24	ps_scan|v1.88	PS01151	289	299	.	.	.	Name "FIMBRIAL_USHER" ; LevelTag "(0)" ; Sequence "VPPGPFaITDL" ; SequenceDescription "24" ; KnownFalsePos 0
26	ps_scan|v1.88	PS01247	9	19	.	.	.	Name "IUNH" ; LevelTag "(0)" ; Sequence "DcDPGhDDAIA" ; SequenceDescription "26" ; KnownFalsePos 0
28	ps_scan|v1.88	PS01021	165	189	.	.	.	Name "COPROGEN_OXIDASE" ; LevelTag "(0)" ; Sequence "KkWCdeYFyLkHRnEqRGIGGLFFD" ; SequenceDescription "28" ; KnownFalsePos 0
30	ps_scan|v1.88	PS01237	24	56	.	.	.	Name "UPF0028" ; LevelTag "(0)" ; Sequence "GSGAARGwSHiGvinalkkvgIeIDivAGcSiG" ; SequenceDescription "30" ; KnownFalsePos 0
32	ps_scan|v1.88	PS00041	234	276	.	.	.	Name "HTH_ARAC_FAMILY_1" ; LevelTag "(0)" ; Sequence "RMakARmiLqkyhls...IhEVAQRcGFpdsdyFcrvFRRqfGlTP" ; SequenceDescription "32" ; KnownFalsePos 102
34	ps_scan|v1.88	PS00460	25	40	.	.	.	Name "GLUTATHIONE_PEROXID_1" ; LevelTag "(0)" ; Sequence "GNvLLIvNVaSkCGlT" ; SequenceDescription "34" ; KnownFalsePos 0
34	ps_scan|v1.88	PS00763	61	68	.	.	.	Name "GLUTATHIONE_PEROXID_2" ; LevelTag "(0)" ; Sequence "LGFPCNQF" ; SequenceDescription "34" ; KnownFalsePos 0
36	ps_scan|v1.88	PS00211	135	149	.	.	.	Name "ABC_TRANSPORTER_1" ; LevelTag "(0)" ; Sequence "LSGGQRQRVALGRAI" ; SequenceDescription "36" ; KnownFalsePos 202
41	ps_scan|v1.88	PS01035	464	481	.	.	.	Name "PTS_EIIB_TYPE_1_CYS" ; LevelTag "(0)" ; Sequence "NIvsldnCiTRLrLsVkD" ; SequenceDescription "41" ; KnownFalsePos 0
42	ps_scan|v1.88	PS01324	141	172	.	.	.	Name "GLYCOSYL_HYDROL_F4" ; LevelTag "(0)" ; Sequence "PnAwVINftNPagmvTeavyrhtgfk.RfIGvC" ; SequenceDescription "42" ; KnownFalsePos 0
47	ps_scan|v1.88	PS00368	115	131	.	.	.	Name "RIBORED_SMALL" ; LevelTag "(0)" ; Sequence "SEt.IHSrSYthIirnIV" ; SequenceDescription "47" ; KnownFalsePos 0
49	ps_scan|v1.88	PS00675	169	182	.	.	.	Name "SIGMA54_INTERACT_1" ; LevelTag "(0)" ; Sequence "VLIsGESGTGKelI" ; SequenceDescription "49" ; KnownFalsePos 251
49	ps_scan|v1.88	PS00676	231	246	.	.	.	Name "SIGMA54_INTERACT_2" ; LevelTag "(0)" ; Sequence "GlFerANEGTLLLDEI" ; SequenceDescription "49" ; KnownFalsePos 5
49	ps_scan|v1.88	PS00688	358	367	.	.	.	Name "SIGMA54_INTERACT_3" ; LevelTag "(0)" ; Sequence "WPGNIRELsN" ; SequenceDescription "49" ; KnownFalsePos 0
57	ps_scan|v1.88	PS00814	42	52	.	.	.	Name "ADX" ; LevelTag "(0)" ; Sequence "CekScACTTCH" ; SequenceDescription "57" ; KnownFalsePos 0
64	ps_scan|v1.88	PS00198	9	20	.	.	.	Name "4FE4S_FER_1" ; LevelTag "(0)" ; Sequence "CiNCDmCEpECP" ; SequenceDescription "64" ; KnownFalsePos 17
65	ps_scan|v1.88	PS00211	145	159	.	.	.	Name "ABC_TRANSPORTER_1" ; LevelTag "(0)" ; Sequence "LSGGQQQRVAIARAL" ; SequenceDescription "65" ; KnownFalsePos 202
74	ps_scan|v1.88	PS01060	172	187	.	.	.	Name "FLIP_1" ; LevelTag "(0)" ; Sequence "PAYvTSELktAFQIGF" ; SequenceDescription "74" ; KnownFalsePos 0
74	ps_scan|v1.88	PS01061	220	232	.	.	.	Name "FLIP_2" ; LevelTag "(0)" ; Sequence "PFKLMLFVlVDGW" ; SequenceDescription "74" ; KnownFalsePos 0
85	ps_scan|v1.88	PS00198	60	71	.	.	.	Name "4FE4S_FER_1" ; LevelTag "(-1)" ; Sequence "CvACNlCAvACP" ; SequenceDescription "85" ; KnownFalsePos 17
85	ps_scan|v1.88	PS00198	99	110	.	.	.	Name "4FE4S_FER_1" ; LevelTag "(0)" ; Sequence "CiFCGlCEeACP" ; SequenceDescription "85" ; KnownFalsePos 17
93	ps_scan|v1.88	PS00096	221	237	.	.	.	Name "SHMT" ; LevelTag "(0)" ; Sequence "HVvTTTTHKTLaGPRGG" ; SequenceDescription "93" ; KnownFalsePos 0
94	ps_scan|v1.88	PS00218	43	73	.	.	.	Name "AMINO_ACID_PERMEASE_1" ; LevelTag "(0)" ; Sequence "AGPav.LLaYlFAGllvVmImrmLAEmavatP" ; SequenceDescription "94" ; KnownFalsePos 1
97	ps_scan|v1.88	PS00392	269	290	.	.	.	Name "DDC_GAD_HDC_YDC" ; LevelTag "(0)" ; Sequence "SIsAsghKFGlApLGCgwVIwR" ; SequenceDescription "97" ; KnownFalsePos 10
100	ps_scan|v1.88	PS00211	482	496	.	.	.	Name "ABC_TRANSPORTER_1" ; LevelTag "(0)" ; Sequence "LSGGERQRISIARAL" ; SequenceDescription "100" ; KnownFalsePos 202
115	ps_scan|v1.88	PS00168	80	94	.	.	.	Name "TRP_SYNTHASE_BETA" ; LevelTag "(0)" ; Sequence "LlHgGAHKtNqvLgQ" ; SequenceDescription "115" ; KnownFalsePos 0
116	ps_scan|v1.88	PS00676	94	109	.	.	.	Name "SIGMA54_INTERACT_2" ; LevelTag "(0)" ; Sequence "GrFerADGGTLFLDEL" ; SequenceDescription "116" ; KnownFalsePos 5
116	ps_scan|v1.88	PS00688	222	231	.	.	.	Name "SIGMA54_INTERACT_3" ; LevelTag "(0)" ; Sequence "WPGNIRELkN" ; SequenceDescription "116" ; KnownFalsePos 0
118	ps_scan|v1.88	PS01273	17	32	.	.	.	Name "COA_TRANSF_1" ; LevelTag "(0)" ; Sequence "DGmtIMVGGFmgiGtP" ; SequenceDescription "118" ; KnownFalsePos 0
120	ps_scan|v1.88	PS00599	211	220	.	.	.	Name "AA_TRANSFER_CLASS_2" ; LevelTag "(0)" ; Sequence "TLSKAFALAG" ; SequenceDescription "120" ; KnownFalsePos 78
129	ps_scan|v1.88	PS00430	1	91	.	.	.	Name "TONB_DEPENDENT_REC_1" ; LevelTag "(-1)" ; Sequence "mlteqqrreldwektdglmpvivqhavsgevlmlgymnpealdktlesgkvtffsrtkqrlwtkgetsgnilnvvsiapdcdn................................DTLLVLAN" ; SequenceDescription "129" ; KnownFalsePos 553
133	ps_scan|v1.88	PS00070	261	272	.	.	.	Name "ALDEHYDE_DEHYDR_CYS" ; LevelTag "(0)" ; Sequence "YqNTGQVCAAAK" ; SequenceDescription "133" ; KnownFalsePos 119
137	ps_scan|v1.88	PS00211	165	179	.	.	.	Name "ABC_TRANSPORTER_1" ; LevelTag "(0)" ; Sequence "FSGGQCQRIGIARAL" ; SequenceDescription "137" ; KnownFalsePos 202
139	ps_scan|v1.88	PS01055	115	144	.	.	.	Name "DNA_LIGASE_N1" ; LevelTag "(0)" ; Sequence "KLDGLAvsilYenGvLvsaaTRGDGttGED" ; SequenceDescription "139" ; KnownFalsePos 0
139	ps_scan|v1.88	PS01056	331	346	.	.	.	Name "DNA_LIGASE_N2" ; LevelTag "(0)" ; Sequence "VGRTGaITpVarLePV" ; SequenceDescription "139" ; KnownFalsePos 0
145	ps_scan|v1.88	PS00198	117	128	.	.	.	Name "4FE4S_FER_1" ; LevelTag "(-1)" ; Sequence "CiGCTkCIqACP" ; SequenceDescription "145" ; KnownFalsePos 17
145	ps_scan|v1.88	PS00198	147	158	.	.	.	Name "4FE4S_FER_1" ; LevelTag "(0)" ; Sequence "CtGCNlCVdPCP" ; SequenceDescription "145" ; KnownFalsePos 17
152	ps_scan|v1.88	PS00198	9	20	.	.	.	Name "4FE4S_FER_1" ; LevelTag "(-1)" ; Sequence "CiKCTvCTtACP" ; SequenceDescription "152" ; KnownFalsePos 17
152	ps_scan|v1.88	PS00198	56	67	.	.	.	Name "4FE4S_FER_1" ; LevelTag "(0)" ; Sequence "CiNCKrCEvACP" ; SequenceDescription "152" ; KnownFalsePos 17
153	ps_scan|v1.88	PS00211	143	157	.	.	.	Name "ABC_TRANSPORTER_1" ; LevelTag "(0)" ; Sequence "LSGGQKKRVFLARAI" ; SequenceDescription "153" ; KnownFalsePos 202
154	ps_scan|v1.88	PS00041	86	128	.	.	.	Name "HTH_ARAC_FAMILY_1" ; LevelTag "(0)" ; Sequence "KIthACrlLeqetpvt..LeALADQvAMspfh.LhrlFKAttGmTP" ; SequenceDescription "154" ; KnownFalsePos 102
154	ps_scan|v1.88	PS00041	136	177	.	.	.	Name "HTH_ARAC_FAMILY_1" ; LevelTag "(0)" ; Sequence "RArrLRelLakges....VtTSILNaGFpdsssYyrkADEtlGmTA" ; SequenceDescription "154" ; KnownFalsePos 102
154	ps_scan|v1.88	PS00374	319	325	.	.	.	Name "MGMT" ; LevelTag "(0)" ; Sequence "IPCHRVV" ; SequenceDescription "154" ; KnownFalsePos 12
158	ps_scan|v1.88	PS00732	2	11	.	.	.	Name "RIBOSOMAL_S16" ; LevelTag "(0)" ; Sequence "VtIRLARHGA" ; SequenceDescription "158" ; KnownFalsePos 10
160	ps_scan|v1.88	PS01317	32	44	.	.	.	Name "SSRP" ; LevelTag "(0)" ; Sequence "AGLaLqGwEVKSL" ; SequenceDescription "160" ; KnownFalsePos 0
161	ps_scan|v1.88	PS00775	234	251	.	.	.	Name "GLYCOSYL_HYDROL_F3" ; LevelTag "(0)" ; Sequence "VLRqElgfdGVIFSDdlS" ; SequenceDescription "161" ; KnownFalsePos 2
164	ps_scan|v1.88	PS00911	80	99	.	.	.	Name "DHODEHASE_1" ; LevelTag "(0)" ; Sequence "GsieiGTVTprpQpGNdkPR" ; SequenceDescription "164" ; KnownFalsePos 0
164	ps_scan|v1.88	PS00912	292	312	.	.	.	Name "DHODEHASE_2" ; LevelTag "(0)" ; Sequence "IIGvGGIdSviaAreKIaAGA" ; SequenceDescription "164" ; KnownFalsePos 10
169	ps_scan|v1.88	PS00430	1	63	.	.	.	Name "TONB_DEPENDENT_REC_1" ; LevelTag "(0)" ; Sequence "mkkdlktlalarlsgfrhktvkvpewgnvsvvlrepsaeawylwqevlngdgedd............................................................DTLSVVAK" ; SequenceDescription "169" ; KnownFalsePos 553
177	ps_scan|v1.88	PS00092	419	425	.	.	.	Name "N6_MTASE" ; LevelTag "(-1)" ; Sequence "VVVNPPW" ; SequenceDescription "177" ; KnownFalsePos 664
179	ps_scan|v1.88	PS00211	146	160	.	.	.	Name "ABC_TRANSPORTER_1" ; LevelTag "(0)" ; Sequence "LSGGERQRVAIARAL" ; SequenceDescription "179" ; KnownFalsePos 202
191	ps_scan|v1.88	PS00882	19	36	.	.	.	Name "NI_HGENASE_CYTB_1" ; LevelTag "(0)" ; Sequence "RIwHWLtvLCMavLmVTG" ; SequenceDescription "191" ; KnownFalsePos 0
191	ps_scan|v1.88	PS00883	181	198	.	.	.	Name "NI_HGENASE_CYTB_2" ; LevelTag "(0)" ; Sequence "HSWHRLgmWlIgaFvigH" ; SequenceDescription "191" ; KnownFalsePos 0
192	ps_scan|v1.88	PS00370	184	195	.	.	.	Name "PEP_ENZYMES_PHOS_SITE" ; LevelTag "(0)" ; Sequence "GGrTsHTSIMAR" ; SequenceDescription "192" ; KnownFalsePos 1
192	ps_scan|v1.88	PS00742	447	465	.	.	.	Name "PEP_ENZYMES_2" ; LevelTag "(0)" ; Sequence "DfFSIGTNDLtQYTLAvdR" ; SequenceDescription "192" ; KnownFalsePos 0
196	ps_scan|v1.88	PS00572	105	113	.	.	.	Name "GLYCOSYL_HYDROL_F1_1" ; LevelTag "(-1)" ; Sequence "SLLVENGRG" ; SequenceDescription "196" ; KnownFalsePos 62
199	ps_scan|v1.88	PS01215	213	229	.	.	.	Name "MRP" ; LevelTag "(0)" ; Sequence "WpdLDYLVLDmPPGTGD" ; SequenceDescription "199" ; KnownFalsePos 0
206	ps_scan|v1.88	PS01039	50	63	.	.	.	Name "SBP_BACTERIAL_3" ; LevelTag "(0)" ; Sequence "GFDIDLAKeLCKRI" ; SequenceDescription "206" ; KnownFalsePos 29
209	ps_scan|v1.88	PS00937	54	70	.	.	.	Name "RIBOSOMAL_L20" ; LevelTag "(0)" ; Sequence "KrqfRqLWIARINaaaR" ; SequenceDescription "209" ; KnownFalsePos 0
211	ps_scan|v1.88	PS00331	267	283	.	.	.	Name "MALIC_ENZYMES" ; LevelTag "(0)" ; Sequence "FnDDiqGTAaVtVGTLI" ; SequenceDescription "211" ; KnownFalsePos 0
215	ps_scan|v1.88	PS00469	114	122	.	.	.	Name "NDP_KINASES" ; LevelTag "(0)" ; Sequence "NgtHGSDSV" ; SequenceDescription "215" ; KnownFalsePos 7
217	ps_scan|v1.88	PS00641	31	48	.	.	.	Name "COMPLEX1_75K_1" ; LevelTag "(0)" ; Sequence "PyfCWhpalgsvGaCRqC" ; SequenceDescription "217" ; KnownFalsePos 0
217	ps_scan|v1.88	PS00642	103	115	.	.	.	Name "COMPLEX1_75K_2" ; LevelTag "(0)" ; Sequence "CPvCEeGGnChLQ" ; SequenceDescription "217" ; KnownFalsePos 0
217	ps_scan|v1.88	PS00643	150	160	.	.	.	Name "COMPLEX1_75K_3" ; LevelTag "(0)" ; Sequence "RCIaCyRCVrY" ; SequenceDescription "217" ; KnownFalsePos 0
219	ps_scan|v1.88	PS01195	16	29	.	.	.	Name "PEPT_TRNA_HYDROL_1" ; LevelTag "(0)" ; Sequence "YaaTRHNaGawFVD" ; SequenceDescription "219" ; KnownFalsePos 0
219	ps_scan|v1.88	PS01196	110	120	.	.	.	Name "PEPT_TRNA_HYDROL_2" ; LevelTag "(0)" ; Sequence "GhggHNGLKDI" ; SequenceDescription "219" ; KnownFalsePos 0
221	ps_scan|v1.88	PS00211	135	149	.	.	.	Name "ABC_TRANSPORTER_1" ; LevelTag "(0)" ; Sequence "LSGGQRQRVAIARAL" ; SequenceDescription "221" ; KnownFalsePos 202
222	ps_scan|v1.88	PS00470	303	322	.	.	.	Name "IDH_IMDH" ; LevelTag "(0)" ; Sequence "NLNGDYiSDalAaqv.GGIGI" ; SequenceDescription "222" ; KnownFalsePos 0
223	ps_scan|v1.88	PS00178	42	52	.	.	.	Name "AA_TRNA_LIGASE_I" ; LevelTag "(0)" ; Sequence "Pt.ADsLHLGHL" ; SequenceDescription "223" ; KnownFalsePos 328
227	ps_scan|v1.88	PS00217	413	438	.	.	.	Name "SUGAR_TRANSPORT_2" ; LevelTag "(-1)" ; Sequence "ItGMHhGYwilltslFvcQpnynatR" ; SequenceDescription "227" ; KnownFalsePos 195
238	ps_scan|v1.88	PS00088	157	164	.	.	.	Name "SOD_MN" ; LevelTag "(0)" ; Sequence "DvWEHAYY" ; SequenceDescription "238" ; KnownFalsePos 0
248	ps_scan|v1.88	PS01331	97	109	.	.	.	Name "THYMIDYLATE_KINASE" ; LevelTag "(0)" ; Sequence "IGDRHdlSTqAYQ" ; SequenceDescription "248" ; KnownFalsePos 9
250	ps_scan|v1.88	PS01293	47	67	.	.	.	Name "NUDIX_COA" ; LevelTag "(0)" ; Sequence "LLTqRSihlRkhaGqvaFPGG" ; SequenceDescription "250" ; KnownFalsePos 0
251	ps_scan|v1.88	PS00626	15	25	.	.	.	Name "RCC1_2" ; LevelTag "(-1)" ; Sequence "FAAGnLHAVEV" ; SequenceDescription "251" ; KnownFalsePos 220
263	ps_scan|v1.88	PS01015	86	101	.	.	.	Name "RIBOSOMAL_L19" ; LevelTag "(0)" ; Sequence "VkRrGAVR.KAKLYYLR" ; SequenceDescription "263" ; KnownFalsePos 0
269	ps_scan|v1.88	PS01156	704	721	.	.	.	Name "TONB_DEPENDENT_REC_2" ; LevelTag "(0)" ; Sequence "SafiGgGReVrASVtFdF" ; SequenceDescription "269" ; KnownFalsePos 1
271	ps_scan|v1.88	PS00857	261	283	.	.	.	Name "PREPHENATE_DEHYDR_1" ; LevelTag "(0)" ; Sequence "YgLqvLerieaNqrqnfTRFVvL" ; SequenceDescription "271" ; KnownFalsePos 1
271	ps_scan|v1.88	PS00858	325	332	.	.	.	Name "PREPHENATE_DEHYDR_2" ; LevelTag "(0)" ; Sequence "MTRLESRP" ; SequenceDescription "271" ; KnownFalsePos 2
277	ps_scan|v1.88	PS00859	98	114	.	.	.	Name "GTP_CYCLOHYDROL_1_1" ; LevelTag "(0)" ; Sequence "EMVtvRDItltStCEHH" ; SequenceDescription "277" ; KnownFalsePos 0
277	ps_scan|v1.88	PS00860	146	156	.	.	.	Name "GTP_CYCLOHYDROL_1_2" ; LevelTag "(0)" ; Sequence "AqRpQVQERLT" ; SequenceDescription "277" ; KnownFalsePos 2
284	ps_scan|v1.88	PS01302	99	104	.	.	.	Name "UPF0758" ; LevelTag "(0)" ; Sequence "HNHPSG" ; SequenceDescription "284" ; KnownFalsePos 1
285	ps_scan|v1.88	PS01139	34	53	.	.	.	Name "BACT_MICROCOMP" ; LevelTag "(0)" ; Sequence "DaMvKAArVkLVGvkqiGGG" ; SequenceDescription "285" ; KnownFalsePos 0
288	ps_scan|v1.88	PS00507	54	79	.	.	.	Name "NI_HGENASE_L_1" ; LevelTag "(0)" ; Sequence "RGLEiilqgrdprdawafvERiCGVC" ; SequenceDescription "288" ; KnownFalsePos 0
288	ps_scan|v1.88	PS00508	573	582	.	.	.	Name "NI_HGENASE_L_2" ; LevelTag "(0)" ; Sequence "FDPCLACst.H" ; SequenceDescription "288" ; KnownFalsePos 0
289	ps_scan|v1.88	PS00369	167	174	.	.	.	Name "PTS_HPR_HIS" ; LevelTag "(0)" ; Sequence "GLHVRPAS" ; SequenceDescription "289" ; KnownFalsePos 10
293	ps_scan|v1.88	PS00556	30	49	.	.	.	Name "HOK_GEF" ; LevelTag "(0)" ; Sequence "LIVICLTVIvtalVtRkdLC" ; SequenceDescription "293" ; KnownFalsePos 0
295	ps_scan|v1.88	PS00141	103	114	.	.	.	Name "ASP_PROTEASE" ; LevelTag "(-1)" ; Sequence "VILDSGSTTMLI" ; SequenceDescription "295" ; KnownFalsePos 110
295	ps_scan|v1.88	PS00894	8	42	.	.	.	Name "HTH_DEOR_1" ; LevelTag "(0)" ; Sequence "RRnkIiqlVneqgtvlvqdlagvfaaSeaTIRADL" ; SequenceDescription "295" ; KnownFalsePos 1
297	ps_scan|v1.88	PS00101	146	174	.	.	.	Name "HEXAPEP_TRANSFERASES" ; LevelTag "(0)" ; Sequence "IGenVtIlpgAcIGngVvIGanSvVrgeI" ; SequenceDescription "297" ; KnownFalsePos 3
300	ps_scan|v1.88	PS00356	5	23	.	.	.	Name "HTH_LACI_1" ; LevelTag "(0)" ; Sequence "IyDIArvAgVSksTVsrVL" ; SequenceDescription "300" ; KnownFalsePos 5
302	ps_scan|v1.88	PS00611	230	262	.	.	.	Name "HISOL_DEHYDROGENASE" ; LevelTag "(0)" ; Sequence "IDmp.AGPSEVLVIAdsgAtpdf..VASDLLSqaEH" ; SequenceDescription "302" ; KnownFalsePos 0
306	ps_scan|v1.88	PS00218	46	77	.	.	.	Name "AMINO_ACID_PERMEASE_1" ; LevelTag "(0)" ; Sequence "AGPggaLLsYmLIGlmvYfLmtsLGElaaymP" ; SequenceDescription "306" ; KnownFalsePos 1
312	ps_scan|v1.88	PS00588	15	35	.	.	.	Name "FLAGELLA_BB_ROD" ; LevelTag "(0)" ; Sequence "AlNlraqrqeVLAANIANaDT" ; SequenceDescription "312" ; KnownFalsePos 4
316	ps_scan|v1.88	PS00036	137	152	.	.	.	Name "BZIP_BASIC" ; LevelTag "(-1)" ; Sequence "KelaANMvQAFTvRAK" ; SequenceDescription "316" ; KnownFalsePos 26
318	ps_scan|v1.88	PS00198	378	389	.	.	.	Name "4FE4S_FER_1" ; LevelTag "(0)" ; Sequence "CvGCLlCGhVCP" ; SequenceDescription "318" ; KnownFalsePos 17
320	ps_scan|v1.88	PS00041	225	267	.	.	.	Name "HTH_ARAC_FAMILY_1" ; LevelTag "(0)" ; Sequence "RInfAKkqLemtnys...VtDIAFEaGYsspslFiktFKKltSfTP" ; SequenceDescription "320" ; KnownFalsePos 102
322	ps_scan|v1.88	PS00092	119	125	.	.	.	Name "N6_MTASE" ; LevelTag "(0)" ; Sequence "IISNPPY" ; SequenceDescription "322" ; KnownFalsePos 664
332	ps_scan|v1.88	PS00894	6	40	.	.	.	Name "HTH_DEOR_1" ; LevelTag "(0)" ; Sequence "RIqaIkqmVandkkvtvsnlsgifqvTeeTIRRDL" ; SequenceDescription "332" ; KnownFalsePos 1
340	ps_scan|v1.88	PS00430	1	112	.	.	.	Name "TONB_DEPENDENT_REC_1" ; LevelTag "(-1)" ; Sequence "mtdqshqcviigiagasasgksliastlyrelreqvgdehigvipedcyykdqshlsmeervktnydhpsamdhslllehlqalkrgsaidlpvysyvehtrmk...........ETVTVEPK" ; SequenceDescription "340" ; KnownFalsePos 553
341	ps_scan|v1.88	PS00938	30	43	.	.	.	Name "IF3" ; LevelTag "(0)" ; Sequence "RIMDYGKFlYEksK" ; SequenceDescription "341" ; KnownFalsePos 7
342	ps_scan|v1.88	PS00198	65	76	.	.	.	Name "4FE4S_FER_1" ; LevelTag "(0)" ; Sequence "ClECGtCRvLCG" ; SequenceDescription "342" ; KnownFalsePos 17
348	ps_scan|v1.88	PS00041	210	251	.	.	.	Name "HTH_ARAC_FAMILY_1" ; LevelTag "(0)" ; Sequence "QLimALqgLvkgdt....VqKVAHTlGYdsttaFitmFKKglGqTP" ; SequenceDescription "348" ; KnownFalsePos 102
357	ps_scan|v1.88	PS01276	162	180	.	.	.	Name "PEPTIDASE_U32" ; LevelTag "(0)" ; Sequence "EiFvhGALCmaysGrClLS" ; SequenceDescription "357" ; KnownFalsePos 0
358	ps_scan|v1.88	PS00936	5	31	.	.	.	Name "RIBOSOMAL_L35" ; LevelTag "(0)" ; Sequence "KTVrGAaKRFkktgkggfkhkhanl.RH" ; SequenceDescription "358" ; KnownFalsePos 13
361	ps_scan|v1.88	PS01129	135	149	.	.	.	Name "PSI_RLU" ; LevelTag "(0)" ; Sequence "VHRLDkdTTGLMVVA" ; SequenceDescription "361" ; KnownFalsePos 0
363	ps_scan|v1.88	PS00369	13	20	.	.	.	Name "PTS_HPR_HIS" ; LevelTag "(0)" ; Sequence "GLHTRPAA" ; SequenceDescription "363" ; KnownFalsePos 10
363	ps_scan|v1.88	PS00589	39	54	.	.	.	Name "PTS_HPR_SER" ; LevelTag "(0)" ; Sequence "GKsASaKSLFKLQtLG" ; SequenceDescription "363" ; KnownFalsePos 61
366	ps_scan|v1.88	PS00211	127	141	.	.	.	Name "ABC_TRANSPORTER_1" ; LevelTag "(0)" ; Sequence "LSGGEWQRVRLAAVV" ; SequenceDescription "366" ; KnownFalsePos 202
369	ps_scan|v1.88	PS00211	146	160	.	.	.	Name "ABC_TRANSPORTER_1" ; LevelTag "(0)" ; Sequence "FSGGEKKRNDILQMA" ; SequenceDescription "369" ; KnownFalsePos 202
370	ps_scan|v1.88	PS00136	3	14	.	.	.	Name "SUBTILASE_ASP" ; LevelTag "(-1)" ; Sequence "VVILDTGCanlN" ; SequenceDescription "370" ; KnownFalsePos 182
375	ps_scan|v1.88	PS00070	278	289	.	.	.	Name "ALDEHYDE_DEHYDR_CYS" ; LevelTag "(0)" ; Sequence "ViNSGQVCNCAE" ; SequenceDescription "375" ; KnownFalsePos 119
375	ps_scan|v1.88	PS00687	250	257	.	.	.	Name "ALDEHYDE_DEHYDR_GLU" ; LevelTag "(0)" ; Sequence "LELGGKAP" ; SequenceDescription "375" ; KnownFalsePos 193
387	ps_scan|v1.88	PS00197	37	45	.	.	.	Name "2FE2S_FER_1" ; LevelTag "(0)" ; Sequence "CREGYCGSC" ; SequenceDescription "387" ; KnownFalsePos 56
388	ps_scan|v1.88	PS01316	156	177	.	.	.	Name "ATP_P_PHORIBOSYLTR" ; LevelTag "(0)" ; Sequence "EvapraGlAdaIcDLvsTGaTL" ; SequenceDescription "388" ; KnownFalsePos 0
389	ps_scan|v1.88	PS01322	18	26	.	.	.	Name "PHOSPHOTRIESTERASE_1" ; LevelTag "(0)" ; Sequence "GlTLpHEHL" ; SequenceDescription "389" ; KnownFalsePos 0
390	ps_scan|v1.88	PS00198	156	167	.	.	.	Name "4FE4S_FER_1" ; LevelTag "(0)" ; Sequence "CiGCSaCTtACP" ; SequenceDescription "390" ; KnownFalsePos 17
390	ps_scan|v1.88	PS00198	183	194	.	.	.	Name "4FE4S_FER_1" ; LevelTag "(0)" ; Sequence "CvLCGeCAnACP" ; SequenceDescription "390" ; KnownFalsePos 17
393	ps_scan|v1.88	PS00435	85	95	.	.	.	Name "PEROXIDASE_1" ; LevelTag "(-1)" ; Sequence "DTPLLLAGHSM" ; SequenceDescription "393" ; KnownFalsePos 118
394	ps_scan|v1.88	PS00134	80	85	.	.	.	Name "TRYPSIN_HIS" ; LevelTag "(0)" ; Sequence "LTAGHC" ; SequenceDescription "394" ; KnownFalsePos 34
394	ps_scan|v1.88	PS00135	217	228	.	.	.	Name "TRYPSIN_SER" ; LevelTag "(0)" ; Sequence "DTlpGDSGSPLM" ; SequenceDescription "394" ; KnownFalsePos 17
396	ps_scan|v1.88	PS00104	90	104	.	.	.	Name "EPSP_SYNTHASE_1" ; LevelTag "(0)" ; Sequence "LFlGNAGTAMRpLaA" ; SequenceDescription "396" ; KnownFalsePos 15
396	ps_scan|v1.88	PS00885	338	356	.	.	.	Name "EPSP_SYNTHASE_2" ; LevelTag "(0)" ; Sequence "RvKETDRLfAMateLrkVG" ; SequenceDescription "396" ; KnownFalsePos 0
399	ps_scan|v1.88	PS00594	17	33	.	.	.	Name "AROMATIC_AA_PERMEASE_1" ; LevelTag "(0)" ; Sequence "IGAGMLAmPlaaAGvgF" ; SequenceDescription "399" ; KnownFalsePos 0
400	ps_scan|v1.88	PS00101	117	145	.	.	.	Name "HEXAPEP_TRANSFERASES" ; LevelTag "(0)" ; Sequence "LGanViIlgdItIGnnVtVGagSvVldsV" ; SequenceDescription "400" ; KnownFalsePos 3
403	ps_scan|v1.88	PS00092	41	47	.	.	.	Name "N6_MTASE" ; LevelTag "(-1)" ; Sequence "AALNPPF" ; SequenceDescription "403" ; KnownFalsePos 664
403	ps_scan|v1.88	PS00401	53	65	.	.	.	Name "PROK_SULFATE_BIND_1" ; LevelTag "(0)" ; Sequence "KdNGGDkLtikQS" ; SequenceDescription "403" ; KnownFalsePos 0
403	ps_scan|v1.88	PS00757	151	159	.	.	.	Name "PROK_SULFATE_BIND_2" ; LevelTag "(0)" ; Sequence "NPKTSGnAR" ; SequenceDescription "403" ; KnownFalsePos 0
415	ps_scan|v1.88	PS00836	4	30	.	.	.	Name "ALADH_PNT_1" ; LevelTag "(0)" ; Sequence "GIPrErltNEt..RVAaTPkTVeqLlKlG" ; SequenceDescription "415" ; KnownFalsePos 0
415	ps_scan|v1.88	PS00837	170	195	.	.	.	Name "ALADH_PNT_2" ; LevelTag "(0)" ; Sequence "VIGAGvAGlaAigaAnSLGAiVrafD" ; SequenceDescription "415" ; KnownFalsePos 0
416	ps_scan|v1.88	PS00195	3	18	.	.	.	Name "GLUTAREDOXIN_1" ; LevelTag "(0)" ; Sequence "LYiydhCPYClkArm.I" ; SequenceDescription "416" ; KnownFalsePos 3
421	ps_scan|v1.88	PS00667	56	71	.	.	.	Name "COMPLEX1_ND1_1" ; LevelTag "(0)" ; Sequence "GSLQlVaDMIKMFfKE" ; SequenceDescription "421" ; KnownFalsePos 1
421	ps_scan|v1.88	PS00668	211	224	.	.	.	Name "COMPLEX1_ND1_2" ; LevelTag "(0)" ; Sequence "PFDQPEAEq.ELadG" ; SequenceDescription "421" ; KnownFalsePos 0
428	ps_scan|v1.88	PS00110	218	230	.	.	.	Name "PYRUVATE_KINASE" ; LevelTag "(0)" ; Sequence "AkIVAKVERaEAV" ; SequenceDescription "428" ; KnownFalsePos 5
429	ps_scan|v1.88	PS00329	213	226	.	.	.	Name "HSP70_2" ; LevelTag "(0)" ; Sequence "VVDIGGGTtdcSLL" ; SequenceDescription "429" ; KnownFalsePos 6
432	ps_scan|v1.88	PS00039	155	163	.	.	.	Name "DEAD_ATP_HELICASE" ; LevelTag "(0)" ; Sequence "ILDEADRmL" ; SequenceDescription "432" ; KnownFalsePos 76
434	ps_scan|v1.88	PS00583	39	63	.	.	.	Name "PFKB_KINASES_1" ; LevelTag "(0)" ; Sequence "AGkGiNVAkvLkDLGidvtvggflG" ; SequenceDescription "434" ; KnownFalsePos 16
434	ps_scan|v1.88	PS00584	249	262	.	.	.	Name "PFKB_KINASES_2" ; LevelTag "(0)" ; Sequence "STvGAGDsmvGGLI" ; SequenceDescription "434" ; KnownFalsePos 23
439	ps_scan|v1.88	PS00901	30	48	.	.	.	Name "CYS_SYNTHASE" ; LevelTag "(0)" ; Sequence "KlEgnn.PAgSVKdRaAlsM" ; SequenceDescription "439" ; KnownFalsePos 0
440	ps_scan|v1.88	PS01271	558	574	.	.	.	Name "NA_SULFATE" ; LevelTag "(0)" ; Sequence "ASaaFmtPISspvNtLV" ; SequenceDescription "440" ; KnownFalsePos 0
443	ps_scan|v1.88	PS00870	294	306	.	.	.	Name "CLPAB_1" ; LevelTag "(0)" ; Sequence "DAGNMLKPaLarG" ; SequenceDescription "443" ; KnownFalsePos 0
443	ps_scan|v1.88	PS00871	631	649	.	.	.	Name "CLPAB_2" ; LevelTag "(0)" ; Sequence "RIDmSEFmEKhSvSRLvGA" ; SequenceDescription "443" ; KnownFalsePos 1
444	ps_scan|v1.88	PS00166	123	143	.	.	.	Name "ENOYL_COA_HYDRATASE" ; LevelTag "(0)" ; Sequence "VAmVAGysiGGGhvlhMmCDL" ; SequenceDescription "444" ; KnownFalsePos 21
449	ps_scan|v1.88	PS00922	60	88	.	.	.	Name "TRANSGLYCOSYLASE" ; LevelTag "(0)" ; Sequence "IiaiESggnPnavSksnaiGLMqIkastS" ; SequenceDescription "449" ; KnownFalsePos 0
454	ps_scan|v1.88	PS00061	138	166	.	.	.	Name "ADH_SHORT" ; LevelTag "(0)" ; Sequence "SvvgtmgnggQanYAAAKAGLiGFSkSLA" ; SequenceDescription "454" ; KnownFalsePos 129
456	ps_scan|v1.88	PS00060	278	298	.	.	.	Name "ADH_IRON_2" ; LevelTag "(0)" ; Sequence "GlCHamAHqPGAalhIpHGlA" ; SequenceDescription "456" ; KnownFalsePos 2
456	ps_scan|v1.88	PS00913	191	219	.	.	.	Name "ADH_IRON_1" ; LevelTag "(0)" ; Sequence "AIlDavltegvPshvtAmTgiDALthaiE" ; SequenceDescription "456" ; KnownFalsePos 8
458	ps_scan|v1.88	PS00850	97	105	.	.	.	Name "GLY_RADICAL_1" ; LevelTag "(0)" ; Sequence "TiRVSGYAV" ; SequenceDescription "458" ; KnownFalsePos 6
465	ps_scan|v1.88	PS00954	226	239	.	.	.	Name "IGP_DEHYDRATASE_1" ; LevelTag "(0)" ; Sequence "IDdHHtvEdtGLAL" ; SequenceDescription "465" ; KnownFalsePos 0
465	ps_scan|v1.88	PS00955	319	331	.	.	.	Name "IGP_DEHYDRATASE_2" ; LevelTag "(0)" ; Sequence "GkNdHHrvESlFK" ; SequenceDescription "465" ; KnownFalsePos 0
467	ps_scan|v1.88	PS01063	46	77	.	.	.	Name "SIGMA70_ECF" ; LevelTag "(0)" ; Sequence "VPDVVQeAFIkAYraldsfrgdsafy.TWLyrI" ; SequenceDescription "467" ; KnownFalsePos 0
469	ps_scan|v1.88	PS00142	467	476	.	.	.	Name "ZINC_PROTEASE" ; Sequence "TLFHEFGHTL" ; SequenceDescription "469" ; KnownFalsePos 212
470	ps_scan|v1.88	PS00764	187	203	.	.	.	Name "ENDONUCLEASE_III_1" ; LevelTag "(0)" ; Sequence "CiarKPRCgsCiiedlC" ; SequenceDescription "470" ; KnownFalsePos 0
470	ps_scan|v1.88	PS01155	102	131	.	.	.	Name "ENDONUCLEASE_III_2" ; LevelTag "(0)" ; Sequence "GeVPedraaLea.LPGVGrktAnvvLntAYG" ; SequenceDescription "470" ; KnownFalsePos 1
473	ps_scan|v1.88	PS01117	87	121	.	.	.	Name "HTH_MARR_1" ; LevelTag "(0)" ; Sequence "NAtRiade.LEkrGWIerresdnDRRclhlqlTekG" ; SequenceDescription "473" ; KnownFalsePos 0
474	ps_scan|v1.88	PS00934	5	26	.	.	.	Name "GLYOXALASE_I_1" ; LevelTag "(0)" ; Sequence "HTmLrVgdlqRSidFYtnvLGM" ; SequenceDescription "474" ; KnownFalsePos 1
474	ps_scan|v1.88	PS00935	69	81	.	.	.	Name "GLYOXALASE_I_2" ; LevelTag "(0)" ; Sequence "GT.....AYGHIAlSvdN" ; SequenceDescription "474" ; KnownFalsePos 1
475	ps_scan|v1.88	PS00450	427	443	.	.	.	Name "ACONITASE_1" ; LevelTag "(0)" ; Sequence "VviAaITSC.TNTsnpsV" ; SequenceDescription "475" ; KnownFalsePos 1
475	ps_scan|v1.88	PS01244	493	506	.	.	.	Name "ACONITASE_2" ; LevelTag "(0)" ; Sequence "GfnLvgyGCTTCIG" ; SequenceDescription "475" ; KnownFalsePos 0
478	ps_scan|v1.88	PS00801	11	31	.	.	.	Name "TRANSKETOLASE_1" ; LevelTag "(0)" ; Sequence "RalsMDavqkanSGHPGapMG" ; SequenceDescription "478" ; KnownFalsePos 2
478	ps_scan|v1.88	PS00802	466	482	.	.	.	Name "TRANSKETOLASE_2" ; LevelTag "(0)" ; Sequence "GEDGPTHqAVEqlAslR" ; SequenceDescription "478" ; KnownFalsePos 0
481	ps_scan|v1.88	PS01117	70	104	.	.	.	Name "HTH_MARR_1" ; LevelTag "(0)" ; Sequence "ALtRmldr.LVckGWVerlpnpnDKRgvlvklTtsG" ; SequenceDescription "481" ; KnownFalsePos 0
487	ps_scan|v1.88	PS00380	181	192	.	.	.	Name "RHODANESE_1" ; LevelTag "(0)" ; Sequence "YlisHIPGAdyI" ; SequenceDescription "487" ; KnownFalsePos 2
487	ps_scan|v1.88	PS00683	406	416	.	.	.	Name "RHODANESE_2" ; LevelTag "(0)" ; Sequence "VsvYDGGWyEW" ; SequenceDescription "487" ; KnownFalsePos 3
488	ps_scan|v1.88	PS00059	58	72	.	.	.	Name "ADH_ZINC" ; LevelTag "(0)" ; Sequence "GHEfSGYidavGsgV" ; SequenceDescription "488" ; KnownFalsePos 13
489	ps_scan|v1.88	PS00636	46	65	.	.	.	Name "DNAJ_1" ; LevelTag "(0)" ; Sequence "FKeVAeaWEvLsDeqrRAEY" ; SequenceDescription "489" ; KnownFalsePos 12
493	ps_scan|v1.88	PS00070	43	54	.	.	.	Name "ALDEHYDE_DEHYDR_CYS" ; LevelTag "(-1)" ; Sequence "LrDAGQCCICGR" ; SequenceDescription "493" ; KnownFalsePos 119
494	ps_scan|v1.88	PS00787	16	31	.	.	.	Name "CHORISMATE_SYNTHASE_1" ; LevelTag "(0)" ; Sequence "GESHGlaLGcIVDGvP" ; SequenceDescription "494" ; KnownFalsePos 0
494	ps_scan|v1.88	PS00788	124	140	.	.	.	Name "CHORISMATE_SYNTHASE_2" ; LevelTag "(0)" ; Sequence "GrsSAReTamrVaaGAI" ; SequenceDescription "494" ; KnownFalsePos 0
494	ps_scan|v1.88	PS00789	319	335	.	.	.	Name "CHORISMATE_SYNTHASE_3" ; LevelTag "(0)" ; Sequence "RHDPCvgirAvPIaEAM" ; SequenceDescription "494" ; KnownFalsePos 3
497	ps_scan|v1.88	PS00603	173	186	.	.	.	Name "TK_CELLULAR_TYPE" ; LevelTag "(0)" ; Sequence "GgnErYvSvCRkHY" ; SequenceDescription "497" ; KnownFalsePos 1
507	ps_scan|v1.88	PS00395	32	42	.	.	.	Name "ALANINE_RACEMASE" ; LevelTag "(0)" ; Sequence "SVvKANAYGHG" ; SequenceDescription "507" ; KnownFalsePos 0
508	ps_scan|v1.88	PS00074	122	135	.	.	.	Name "GLFV_DEHYDROGENASE" ; LevelTag "(0)" ; Sequence "LpmGGGKgGsdfDP" ; SequenceDescription "508" ; KnownFalsePos 3
514	ps_scan|v1.88	PS00211	157	171	.	.	.	Name "ABC_TRANSPORTER_1" ; LevelTag "(0)" ; Sequence "LSGGWLRKAALGRAL" ; SequenceDescription "514" ; KnownFalsePos 202
514	ps_scan|v1.88	PS00211	441	455	.	.	.	Name "ABC_TRANSPORTER_1" ; LevelTag "(0)" ; Sequence "LSGGERNRLLLARLF" ; SequenceDescription "514" ; KnownFalsePos 202
516	ps_scan|v1.88	PS00745	228	244	.	.	.	Name "RF_PROK_I" ; LevelTag "(0)" ; Sequence "RSsGaGGQHVNttdSAI" ; SequenceDescription "516" ; KnownFalsePos 0
525	ps_scan|v1.88	PS01040	102	123	.	.	.	Name "SBP_BACTERIAL_5" ; LevelTag "(0)" ; Sequence "Aeswdnk.DakVWtFhLRKDAKW" ; SequenceDescription "525" ; KnownFalsePos 0
526	ps_scan|v1.88	PS00708	507	537	.	.	.	Name "PRO_ENDOPEP_SER" ; LevelTag "(0)" ; Sequence "DyldAcdaLlklgygspslcyamGgSaGGML" ; SequenceDescription "526" ; KnownFalsePos 4
528	ps_scan|v1.88	PS00729	69	77	.	.	.	Name "AP_NUCLEASE_F2_1" ; LevelTag "(0)" ; Sequence "HDsYLINLG" ; SequenceDescription "528" ; KnownFalsePos 5
528	ps_scan|v1.88	PS00730	175	182	.	.	.	Name "AP_NUCLEASE_F2_2" ; LevelTag "(0)" ; Sequence "GVCIDTCH" ; SequenceDescription "528" ; KnownFalsePos 0
528	ps_scan|v1.88	PS00731	215	231	.	.	.	Name "AP_NUCLEASE_F2_3" ; LevelTag "(0)" ; Sequence "MHlNDAkstfGsrvDrH" ; SequenceDescription "528" ; KnownFalsePos 0
530	ps_scan|v1.88	PS00198	37	48	.	.	.	Name "4FE4S_FER_1" ; LevelTag "(-1)" ; Sequence "CtRCDaCInACE" ; SequenceDescription "530" ; KnownFalsePos 17
530	ps_scan|v1.88	PS00198	69	80	.	.	.	Name "4FE4S_FER_1" ; LevelTag "(-1)" ; Sequence "CsFCYaCAqACP" ; SequenceDescription "530" ; KnownFalsePos 17
530	ps_scan|v1.88	PS00198	141	152	.	.	.	Name "4FE4S_FER_1" ; LevelTag "(0)" ; Sequence "CnGCGaCAaSCP" ; SequenceDescription "530" ; KnownFalsePos 17
534	ps_scan|v1.88	PS00198	673	684	.	.	.	Name "4FE4S_FER_1" ; LevelTag "(0)" ; Sequence "ClACKaCStQCP" ; SequenceDescription "534" ; KnownFalsePos 17
538	ps_scan|v1.88	PS00371	85	97	.	.	.	Name "PTS_EIIA_TYPE_1_HIS" ; LevelTag "(0)" ; Sequence "GveLFVHFGIdTV" ; SequenceDescription "538" ; KnownFalsePos 0
554	ps_scan|v1.88	PS00622	158	185	.	.	.	Name "HTH_LUXR_1" ; LevelTag "(0)" ; Sequence "GkdNndIAekMfIsnkTVstYksRLmeK" ; SequenceDescription "554" ; KnownFalsePos 15
556	ps_scan|v1.88	PS01099	123	141	.	.	.	Name "COMPLEX1_24K" ; LevelTag "(0)" ; Sequence "DgrFTllptcCLGnCdkGP" ; SequenceDescription "556" ; KnownFalsePos 0
560	ps_scan|v1.88	PS00297	24	31	.	.	.	Name "HSP70_1" ; LevelTag "(0)" ; Sequence "IDLGTTnS" ; SequenceDescription "560" ; KnownFalsePos 2
560	ps_scan|v1.88	PS00329	205	218	.	.	.	Name "HSP70_2" ; LevelTag "(0)" ; Sequence "VYDLGGGTfdiSIL" ; SequenceDescription "560" ; KnownFalsePos 6
560	ps_scan|v1.88	PS01036	332	346	.	.	.	Name "HSP70_3" ; LevelTag "(0)" ; Sequence "VvMvGGsTRVPlVrE" ; SequenceDescription "560" ; KnownFalsePos 13
561	ps_scan|v1.88	PS01246	194	228	.	.	.	Name "UPF0003" ; LevelTag "(0)" ; Sequence "GTVaeIgwritkIktfDnrpLyVPNslFSsisveN" ; SequenceDescription "561" ; KnownFalsePos 0
568	ps_scan|v1.88	PS00103	363	375	.	.	.	Name "PUR_PYR_PR_TRANSFER" ; Sequence "VLLVDDSIVRGtT" ; SequenceDescription "568" ; KnownFalsePos 159
571	ps_scan|v1.88	PS00150	10	20	.	.	.	Name "ACYLPHOSPHATASE_1" ; LevelTag "(0)" ; Sequence "VyGrVQGVgFR" ; SequenceDescription "571" ; KnownFalsePos 0
571	ps_scan|v1.88	PS00151	34	50	.	.	.	Name "ACYLPHOSPHATASE_2" ; LevelTag "(0)" ; Sequence "GYAKNlddGsVevvacG" ; SequenceDescription "571" ; KnownFalsePos 0
572	ps_scan|v1.88	PS00216	91	107	.	.	.	Name "SUGAR_TRANSPORT_1" ; LevelTag "(0)" ; Sequence "TGPLSDAIGRKpvmvt.A" ; SequenceDescription "572" ; KnownFalsePos 141
573	ps_scan|v1.88	PS01034	102	113	.	.	.	Name "GH16_1" ; LevelTag "(-1)" ; Sequence "EVDLiEgtGRlS" ; SequenceDescription "573" ; KnownFalsePos 12
575	ps_scan|v1.88	PS00098	95	113	.	.	.	Name "THIOLASE_1" ; LevelTag "(0)" ; Sequence "VSRaCATSFqAVanvaesL" ; SequenceDescription "575" ; KnownFalsePos 4
575	ps_scan|v1.88	PS00099	417	430	.	.	.	Name "THIOLASE_3" ; LevelTag "(0)" ; Sequence "GLVTACAAgGlGaA" ; SequenceDescription "575" ; KnownFalsePos 39
575	ps_scan|v1.88	PS00737	382	398	.	.	.	Name "THIOLASE_2" ; LevelTag "(0)" ; Sequence "NvlGGsIAyGHPfAaTG" ; SequenceDescription "575" ; KnownFalsePos 0
576	ps_scan|v1.88	PS01276	175	193	.	.	.	Name "PEPTIDASE_U32" ; LevelTag "(0)" ; Sequence "EfFihGALCvaysGqCyIS" ; SequenceDescription "576" ; KnownFalsePos 0
577	ps_scan|v1.88	PS00644	174	189	.	.	.	Name "COMPLEX1_51K_1" ; LevelTag "(0)" ; Sequence "GAGRYICGEETALINS" ; SequenceDescription "577" ; KnownFalsePos 0
577	ps_scan|v1.88	PS00645	349	360	.	.	.	Name "COMPLEX1_51K_2" ; LevelTag "(0)" ; Sequence "ESCGwCtPCRdG" ; SequenceDescription "577" ; KnownFalsePos 0
579	ps_scan|v1.88	PS00974	218	230	.	.	.	Name "MANNITOL_DHGENASE" ; LevelTag "(0)" ; Sequence "VsFpgTmVDRIvP" ; SequenceDescription "579" ; KnownFalsePos 1
584	ps_scan|v1.88	PS00331	159	175	.	.	.	Name "MALIC_ENZYMES" ; LevelTag "(0)" ; Sequence "FhDDqhGTAiIsTAAIL" ; SequenceDescription "584" ; KnownFalsePos 0
585	ps_scan|v1.88	PS00551	48	66	.	.	.	Name "MOLYBDOPTERIN_PROK_1" ; LevelTag "(0)" ; Sequence "NtCty.CSVgCgLlMyslgD" ; SequenceDescription "585" ; KnownFalsePos 13
592	ps_scan|v1.88	PS00356	4	22	.	.	.	Name "HTH_LACI_1" ; LevelTag "(0)" ; Sequence "IrDVArqAgVSvaTVsrVL" ; SequenceDescription "592" ; KnownFalsePos 5
595	ps_scan|v1.88	PS00110	215	227	.	.	.	Name "PYRUVATE_KINASE" ; LevelTag "(0)" ; Sequence "IhIISKIENqEGL" ; SequenceDescription "595" ; KnownFalsePos 5
596	ps_scan|v1.88	PS00600	220	257	.	.	.	Name "AA_TRANSFER_CLASS_3" ; LevelTag "(0)" ; Sequence "LIfDEVqt.GVgRtGelyaymhygvtp....DLLttAKalgGG" ; SequenceDescription "596" ; KnownFalsePos 0
609	ps_scan|v1.88	PS00893	36	57	.	.	.	Name "NUDIX_BOX" ; LevelTag "(0)" ; Sequence "GhleadEtlveAAaRELwEEtG" ; SequenceDescription "609" ; KnownFalsePos 0
614	ps_scan|v1.88	PS00198	251	262	.	.	.	Name "4FE4S_FER_1" ; LevelTag "(-1)" ; Sequence "CiDCGkCAkSCP" ; SequenceDescription "614" ; KnownFalsePos 17
614	ps_scan|v1.88	PS00198	278	289	.	.	.	Name "4FE4S_FER_1" ; LevelTag "(0)" ; Sequence "CtGCMtCVeSCP" ; SequenceDescription "614" ; KnownFalsePos 17
617	ps_scan|v1.88	PS00218	59	89	.	.	.	Name "AMINO_ACID_PERMEASE_1" ; LevelTag "(0)" ; Sequence "AGPal.ALvYlICGlfsFfIlraLGElvlhrP" ; SequenceDescription "617" ; KnownFalsePos 1
619	ps_scan|v1.88	PS00490	515	532	.	.	.	Name "MOLYBDOPTERIN_PROK_2" ; LevelTag "(0)" ; Sequence "TsTCrfADIVLPaTTqfE" ; SequenceDescription "619" ; KnownFalsePos 0
619	ps_scan|v1.88	PS00932	730	757	.	.	.	Name "MOLYBDOPTERIN_PROK_3" ; LevelTag "(0)" ; Sequence "AsarGIrHgDvVrVfNvrGqvlagAvVS" ; SequenceDescription "619" ; KnownFalsePos 0
621	ps_scan|v1.88	PS01065	155	175	.	.	.	Name "ETF_BETA" ; LevelTag "(0)" ; Sequence "IeRtlEDDv.EvIelsvPaVLC" ; SequenceDescription "621" ; KnownFalsePos 1
629	ps_scan|v1.88	PS00629	81	94	.	.	.	Name "IMP_1" ; LevelTag "(0)" ; Sequence "WvIDPLDGTtnFiK" ; SequenceDescription "629" ; KnownFalsePos 0
629	ps_scan|v1.88	PS00630	211	225	.	.	.	Name "IMP_2" ; LevelTag "(0)" ; Sequence "WDfAAGeLLVreaGG" ; SequenceDescription "629" ; KnownFalsePos 12
630	ps_scan|v1.88	PS00456	157	182	.	.	.	Name "NA_SOLUT_SYMP_1" ; LevelTag "(0)" ; Sequence "GmsYetaLWAGAAAtilYTfiGGFlA" ; SequenceDescription "630" ; KnownFalsePos 2
630	ps_scan|v1.88	PS00457	419	439	.	.	.	Name "NA_SOLUT_SYMP_2" ; LevelTag "(0)" ; Sequence "SVmwsRmtrnGAlaGMIIGaL" ; SequenceDescription "630" ; KnownFalsePos 1
631	ps_scan|v1.88	PS00374	137	143	.	.	.	Name "MGMT" ; LevelTag "(0)" ; Sequence "VPCHRVI" ; SequenceDescription "631" ; KnownFalsePos 12
636	ps_scan|v1.88	PS00551	44	61	.	.	.	Name "MOLYBDOPTERIN_PROK_1" ; LevelTag "(0)" ; Sequence "ApCrf.CGTgCgVlVgtq.Q" ; SequenceDescription "636" ; KnownFalsePos 13
640	ps_scan|v1.88	PS00356	9	27	.	.	.	Name "HTH_LACI_1" ; LevelTag "(0)" ; Sequence "IhDVAlaAgVSvsTVslVL" ; SequenceDescription "640" ; KnownFalsePos 5
644	ps_scan|v1.88	PS00163	294	303	.	.	.	Name "FUMARATE_LYASES" ; LevelTag "(0)" ; Sequence "GSstMpHKvN" ; SequenceDescription "644" ; KnownFalsePos 18
649	ps_scan|v1.88	PS00045	48	67	.	.	.	Name "HISTONE_LIKE" ; LevelTag "(0)" ; Sequence "GFgnFdlrdKnqRp.GrNPkT" ; SequenceDescription "649" ; KnownFalsePos 4
659	ps_scan|v1.88	PS00089	599	621	.	.	.	Name "RIBORED_LARGE" ; LevelTag "(0)" ; Sequence "WeaLresikthGLRNstlSAlmP" ; SequenceDescription "659" ; KnownFalsePos 13
660	ps_scan|v1.88	PS00437	411	419	.	.	.	Name "CATALASE_1" ; LevelTag "(0)" ; Sequence "RLFSYtDTQ" ; SequenceDescription "660" ; KnownFalsePos 1
660	ps_scan|v1.88	PS00438	117	133	.	.	.	Name "CATALASE_2" ; LevelTag "(0)" ; Sequence "FdHeripERivHarGSA" ; SequenceDescription "660" ; KnownFalsePos 2
663	ps_scan|v1.88	PS01011	52	75	.	.	.	Name "FOLYLPOLYGLU_SYNT_1" ; LevelTag "(0)" ; Sequence "FtVAGTNGKgTtcrtLeSILmaa.G" ; SequenceDescription "663" ; KnownFalsePos 86
663	ps_scan|v1.88	PS01012	144	159	.	.	.	Name "FOLYLPOLYGLU_SYNT_2" ; LevelTag "(0)" ; Sequence "ILEvGLGGrlDaTnIV" ; SequenceDescription "663" ; KnownFalsePos 0
667	ps_scan|v1.88	PS00130	57	66	.	.	.	Name "U_DNA_GLYCOSYLASE" ; LevelTag "(0)" ; Sequence "KVVIlGQDPY" ; SequenceDescription "667" ; KnownFalsePos 0
672	ps_scan|v1.88	PS00595	197	216	.	.	.	Name "AA_TRANSFER_CLASS_5" ; LevelTag "(0)" ; Sequence "VDLMsfSGHKiygpk.GiGaL" ; SequenceDescription "672" ; KnownFalsePos 9
673	ps_scan|v1.88	PS01175	484	508	.	.	.	Name "RIBONUCLEASE_II" ; LevelTag "(0)" ; Sequence "HFGLglea.YAtWTSPIRKYgDminH" ; SequenceDescription "673" ; KnownFalsePos 1
677	ps_scan|v1.88	PS00892	88	106	.	.	.	Name "HIT_1" ; LevelTag "(0)" ; Sequence "NtnrhGgQeVyHIHMHLLG" ; SequenceDescription "677" ; KnownFalsePos 0
680	ps_scan|v1.88	PS00588	11	31	.	.	.	Name "FLAGELLA_BB_ROD" ; LevelTag "(0)" ; Sequence "GlDaqqtnmdVIANNLANvST" ; SequenceDescription "680" ; KnownFalsePos 4
681	ps_scan|v1.88	PS00369	297	304	.	.	.	Name "PTS_HPR_HIS" ; LevelTag "(0)" ; Sequence "GLHARPGT" ; SequenceDescription "681" ; KnownFalsePos 10
681	ps_scan|v1.88	PS00372	47	63	.	.	.	Name "PTS_EIIA_TYPE_2_HIS" ; LevelTag "(0)" ; Sequence "EqqtstfLGngIAIPHG" ; SequenceDescription "681" ; KnownFalsePos 1
681	ps_scan|v1.88	PS00589	326	341	.	.	.	Name "PTS_HPR_SER" ; LevelTag "(0)" ; Sequence "GKpANgRSLMKVVaLG" ; SequenceDescription "681" ; KnownFalsePos 61
685	ps_scan|v1.88	PS00301	42	57	.	.	.	Name "G_TR_1" ; LevelTag "(0)" ; Sequence "DSmdlEReRGITIkaQ" ; SequenceDescription "685" ; KnownFalsePos 0
686	ps_scan|v1.88	PS01125	130	157	.	.	.	Name "ROK" ; LevelTag "(0)" ; Sequence "LgtGVGgGLifnGkpitGksyitGEfGH" ; SequenceDescription "686" ; KnownFalsePos 2
693	ps_scan|v1.88	PS00903	102	136	.	.	.	Name "CYT_DCMP_DEAMINASES_1" ; LevelTag "(0)" ; Sequence "HAEqsAIshawlsgekalaaitvnyt..............PCgh......CrqfM" ; SequenceDescription "693" ; KnownFalsePos 5
694	ps_scan|v1.88	PS00606	154	170	.	.	.	Name "B_KETOACYL_SYNTHASE" ; LevelTag "(0)" ; Sequence "GVNysISsACATSahCI" ; SequenceDescription "694" ; KnownFalsePos 9
697	ps_scan|v1.88	PS00059	60	74	.	.	.	Name "ADH_ZINC" ; LevelTag "(0)" ; Sequence "GHEfAGCiaqvGekV" ; SequenceDescription "697" ; KnownFalsePos 13
698	ps_scan|v1.88	PS00370	416	427	.	.	.	Name "PEP_ENZYMES_PHOS_SITE" ; LevelTag "(0)" ; Sequence "GGrTcHAAIIAR" ; SequenceDescription "698" ; KnownFalsePos 1
698	ps_scan|v1.88	PS00742	696	714	.	.	.	Name "PEP_ENZYMES_2" ; LevelTag "(0)" ; Sequence "DgFSIGSNDMtQLALGldR" ; SequenceDescription "698" ; KnownFalsePos 0
705	ps_scan|v1.88	PS00583	53	77	.	.	.	Name "PFKB_KINASES_1" ; LevelTag "(0)" ; Sequence "GGcAlNIAvaLkRLGieagnalplG" ; SequenceDescription "705" ; KnownFalsePos 16
705	ps_scan|v1.88	PS00584	263	276	.	.	.	Name "PFKB_KINASES_2" ; LevelTag "(0)" ; Sequence "DTiGAGDshaGGVL" ; SequenceDescription "705" ; KnownFalsePos 23
708	ps_scan|v1.88	PS01275	154	173	.	.	.	Name "EFP" ; LevelTag "(0)" ; Sequence "KpAtlstGlvIqVPeyLspG" ; SequenceDescription "708" ; KnownFalsePos 1
717	ps_scan|v1.88	PS00496	46	51	.	.	.	Name "PII_GLNB_UMP" ; LevelTag "(0)" ; Sequence "YRGAEY" ; SequenceDescription "717" ; KnownFalsePos 12
717	ps_scan|v1.88	PS00638	83	96	.	.	.	Name "PII_GLNB_CTER" ; LevelTag "(0)" ; Sequence "TgkiGDGKIFVfdV" ; SequenceDescription "717" ; KnownFalsePos 0
718	ps_scan|v1.88	PS01243	87	117	.	.	.	Name "BI1" ; LevelTag "(0)" ; Sequence "GyiLGPiLntylSagmgd.VIamAlgGTaLvF" ; SequenceDescription "718" ; KnownFalsePos 0
721	ps_scan|v1.88	PS00490	517	534	.	.	.	Name "MOLYBDOPTERIN_PROK_2" ; LevelTag "(0)" ; Sequence "TsSAkyADILLPdCTasE" ; SequenceDescription "721" ; KnownFalsePos 0
721	ps_scan|v1.88	PS00551	61	79	.	.	.	Name "MOLYBDOPTERIN_PROK_1" ; LevelTag "(0)" ; Sequence "SaCtvnCGSrCpLrMhvv.D" ; SequenceDescription "721" ; KnownFalsePos 13
721	ps_scan|v1.88	PS00932	731	758	.	.	.	Name "MOLYBDOPTERIN_PROK_3" ; LevelTag "(0)" ; Sequence "AqkrGInNgDkVrIfNdrGevhieAkVT" ; SequenceDescription "721" ; KnownFalsePos 0
730	ps_scan|v1.88	PS00061	146	174	.	.	.	Name "ADH_SHORT" ; LevelTag "(0)" ; Sequence "SmaaenkninMtsYASSKAAAsHLVrNMA" ; SequenceDescription "730" ; KnownFalsePos 129
735	ps_scan|v1.88	PS00211	169	183	.	.	.	Name "ABC_TRANSPORTER_1" ; LevelTag "(0)" ; Sequence "FSGGMRQRVMIAMAL" ; SequenceDescription "735" ; KnownFalsePos 202
738	ps_scan|v1.88	PS00194	72	90	.	.	.	Name "THIOREDOXIN_1" ; LevelTag "(0)" ; Sequence "LLnVWatWCPTCRaEhqyL" ; SequenceDescription "738" ; KnownFalsePos 13
744	ps_scan|v1.88	PS00694	50	58	.	.	.	Name "ENT_VIR_OMP_1" ; LevelTag "(0)" ; Sequence "GINVKYRYE" ; SequenceDescription "744" ; KnownFalsePos 0
749	ps_scan|v1.88	PS00216	62	78	.	.	.	Name "SUGAR_TRANSPORT_1" ; LevelTag "(0)" ; Sequence "AGLLSDRFGRRpfiml.G" ; SequenceDescription "749" ; KnownFalsePos 141
752	ps_scan|v1.88	PS01321	113	147	.	.	.	Name "RUVC" ; LevelTag "(0)" ; Sequence "GiGsAeKsQVqhmvrtllklpanpqa...DaADAlAIA" ; SequenceDescription "752" ; KnownFalsePos 0
753	ps_scan|v1.88	PS00211	481	495	.	.	.	Name "ABC_TRANSPORTER_1" ; LevelTag "(0)" ; Sequence "LSGGQRQRIAIARAL" ; SequenceDescription "753" ; KnownFalsePos 202
754	ps_scan|v1.88	PS00770	173	202	.	.	.	Name "AA_TRANSFER_CLASS_4" ; LevelTag "(0)" ; Sequence "EcCaaNLFwrkgnv......VyTprldqag.VnGImR" ; SequenceDescription "754" ; KnownFalsePos 1
757	ps_scan|v1.88	PS01005	196	205	.	.	.	Name "FORMATE_NITRITE_TP_1" ; LevelTag "(0)" ; Sequence "VVcGADLFTS" ; SequenceDescription "757" ; KnownFalsePos 4
757	ps_scan|v1.88	PS01006	281	291	.	.	.	Name "FORMATE_NITRITE_TP_2" ; LevelTag "(0)" ; Sequence "GilANLMVCLA" ; SequenceDescription "757" ; KnownFalsePos 0
758	ps_scan|v1.88	PS00059	69	83	.	.	.	Name "ADH_ZINC" ; LevelTag "(0)" ; Sequence "GHEpCGQivamGqgC" ; SequenceDescription "758" ; KnownFalsePos 13
764	ps_scan|v1.88	PS00105	243	256	.	.	.	Name "AA_TRANSFER_CLASS_1" ; LevelTag "(0)" ; Sequence "SYSKnfGLyNERVG" ; SequenceDescription "764" ; KnownFalsePos 19
772	ps_scan|v1.88	PS00211	134	148	.	.	.	Name "ABC_TRANSPORTER_1" ; LevelTag "(0)" ; Sequence "LSGGQRARVALLRAL" ; SequenceDescription "772" ; KnownFalsePos 202
779	ps_scan|v1.88	PS00216	299	316	.	.	.	Name "SUGAR_TRANSPORT_1" ; LevelTag "(0)" ; Sequence "IGALSDKIGRRtsmlcfG" ; SequenceDescription "779" ; KnownFalsePos 141
779	ps_scan|v1.88	PS00217	133	158	.	.	.	Name "SUGAR_TRANSPORT_2" ; LevelTag "(0)" ; Sequence "FqGLSvGGeygtsatYmsEvavegrK" ; SequenceDescription "779" ; KnownFalsePos 195
796	ps_scan|v1.88	PS00042	195	218	.	.	.	Name "HTH_CRP_1" ; LevelTag "(0)" ; Sequence "MTRgdIGnYLGlTveTi.SRlLgrF" ; SequenceDescription "796" ; KnownFalsePos 1
798	ps_scan|v1.88	PS01309	7	22	.	.	.	Name "UPF0057" ; LevelTag "(0)" ; Sequence "ViTIILPPLGVllgkG" ; SequenceDescription "798" ; KnownFalsePos 0
808	ps_scan|v1.88	PS00159	40	49	.	.	.	Name "ALDOLASE_KDPG_KHG_1" ; LevelTag "(0)" ; Sequence "GVrvlEVTLR" ; SequenceDescription "808" ; KnownFalsePos 9
808	ps_scan|v1.88	PS00160	128	141	.	.	.	Name "ALDOLASE_KDPG_KHG_2" ; LevelTag "(0)" ; Sequence "GlkeFKFFPAeanG" ; SequenceDescription "808" ; KnownFalsePos 0
809	ps_scan|v1.88	PS00178	122	133	.	.	.	Name "AA_TRNA_LIGASE_I" ; LevelTag "(0)" ; Sequence "PnvAKeMHVGHL" ; SequenceDescription "809" ; KnownFalsePos 328
811	ps_scan|v1.88	PS00552	7	30	.	.	.	Name "HTH_MERR_1" ; LevelTag "(0)" ; Sequence "GdVAerCGINpvtLRaWQrryGLL" ; SequenceDescription "811" ; KnownFalsePos 0
816	ps_scan|v1.88	PS00039	151	159	.	.	.	Name "DEAD_ATP_HELICASE" ; LevelTag "(0)" ; Sequence "VMDEADRmL" ; SequenceDescription "816" ; KnownFalsePos 76
817	ps_scan|v1.88	PS00356	4	22	.	.	.	Name "HTH_LACI_1" ; LevelTag "(0)" ; Sequence "IkDVAkrAnVSttTVshVI" ; SequenceDescription "817" ; KnownFalsePos 5
823	ps_scan|v1.88	PS00103	238	250	.	.	.	Name "PUR_PYR_PR_TRANSFER" ; Sequence "CVLVDDMIDTGgT" ; SequenceDescription "823" ; KnownFalsePos 159
823	ps_scan|v1.88	PS00114	151	166	.	.	.	Name "PRPP_SYNTHASE" ; LevelTag "(0)" ; Sequence "DLHAeQIQGFFdvPVD" ; SequenceDescription "823" ; KnownFalsePos 0
825	ps_scan|v1.88	PS00071	148	155	.	.	.	Name "GAPDH" ; LevelTag "(0)" ; Sequence "ASCTTNcL" ; SequenceDescription "825" ; KnownFalsePos 10
828	ps_scan|v1.88	PS00742	556	574	.	.	.	Name "PEP_ENZYMES_2" ; LevelTag "(0)" ; Sequence "DfFSIGSNDMtQYLYAvdR" ; SequenceDescription "828" ; KnownFalsePos 0
839	ps_scan|v1.88	PS00065	147	174	.	.	.	Name "D_2_HYDROXYACID_DH_1" ; LevelTag "(0)" ; Sequence "AGVIGtGKIGvamlrilkgfgmr.LLaFD" ; SequenceDescription "839" ; KnownFalsePos 53
839	ps_scan|v1.88	PS00670	194	216	.	.	.	Name "D_2_HYDROXYACID_DH_2" ; LevelTag "(0)" ; Sequence "LFseSDVIsLHcPltpeNyhLlN" ; SequenceDescription "839" ; KnownFalsePos 0
839	ps_scan|v1.88	PS00671	223	239	.	.	.	Name "D_2_HYDROXYACID_DH_3" ; LevelTag "(0)" ; Sequence "MKnGvMIVNtSRGaLID" ; SequenceDescription "839" ; KnownFalsePos 1
844	ps_scan|v1.88	PS00622	168	195	.	.	.	Name "HTH_LUXR_1" ; LevelTag "(0)" ; Sequence "GlsNkqIAsvLnIseqTVkvHirNLlrK" ; SequenceDescription "844" ; KnownFalsePos 15
859	ps_scan|v1.88	PS01274	43	51	.	.	.	Name "COA_TRANSF_2" ; LevelTag "(0)" ; Sequence "LQSENGFLG" ; SequenceDescription "859" ; KnownFalsePos 0
864	ps_scan|v1.88	PS01028	114	144	.	.	.	Name "DEHYDROQUINASE_I" ; LevelTag "(0)" ; Sequence "DLELftgddqvketvayahahdvkVVmSNHD" ; SequenceDescription "864" ; KnownFalsePos 0
866	ps_scan|v1.88	PS00455	193	204	.	.	.	Name "AMP_BINDING" ; LevelTag "(0)" ; Sequence "VLFTSGTEGlPK" ; SequenceDescription "866" ; KnownFalsePos 23
868	ps_scan|v1.88	PS00061	140	168	.	.	.	Name "ADH_SHORT" ; LevelTag "(0)" ; Sequence "SvhehtplpdAsaYTAAKHALgGLTkAMA" ; SequenceDescription "868" ; KnownFalsePos 129
870	ps_scan|v1.88	PS01057	86	100	.	.	.	Name "SAICAR_SYNTHETASE_1" ; LevelTag "(0)" ; Sequence "MVPVEcVVRnraAGS" ; SequenceDescription "870" ; KnownFalsePos 0
870	ps_scan|v1.88	PS01058	173	181	.	.	.	Name "SAICAR_SYNTHETASE_2" ; LevelTag "(0)" ; Sequence "LVDfKLEFG" ; SequenceDescription "870" ; KnownFalsePos 0
871	ps_scan|v1.88	PS00501	89	96	.	.	.	Name "SPASE_I_1" ; LevelTag "(0)" ; Sequence "SGSMMPTL" ; SequenceDescription "871" ; KnownFalsePos 62
871	ps_scan|v1.88	PS00760	146	158	.	.	.	Name "SPASE_I_2" ; LevelTag "(0)" ; Sequence "KRAVGlPGDkVtY" ; SequenceDescription "871" ; KnownFalsePos 2
871	ps_scan|v1.88	PS00761	269	282	.	.	.	Name "SPASE_I_3" ; LevelTag "(0)" ; Sequence "YFMMGDNRdnSadS" ; SequenceDescription "871" ; KnownFalsePos 18
877	ps_scan|v1.88	PS01152	88	105	.	.	.	Name "HESB" ; LevelTag "(0)" ; Sequence "FkFtNPNvkdeCgCGeSF" ; SequenceDescription "877" ; KnownFalsePos 0
880	ps_scan|v1.88	PS00379	49	71	.	.	.	Name "CDP_ALCOHOL_P_TRANSF" ; LevelTag "(0)" ; Sequence "DGflARrwnqstrfGaflDpvaD" ; SequenceDescription "880" ; KnownFalsePos 1
890	ps_scan|v1.88	PS01091	191	207	.	.	.	Name "TATD_3" ; LevelTag "(0)" ; Sequence "AAryVPldrLLVETDsP" ; SequenceDescription "890" ; KnownFalsePos 0
890	ps_scan|v1.88	PS01137	3	11	.	.	.	Name "TATD_1" ; LevelTag "(0)" ; Sequence "LVDSHcHLD" ; SequenceDescription "890" ; KnownFalsePos 9
896	ps_scan|v1.88	PS00060	720	740	.	.	.	Name "ADH_IRON_2" ; LevelTag "(0)" ; Sequence "GvCHsmAHkLGSqfhIpHGlA" ; SequenceDescription "896" ; KnownFalsePos 2
896	ps_scan|v1.88	PS00913	632	660	.	.	.	Name "ADH_IRON_1" ; LevelTag "(0)" ; Sequence "AIvDanlvmdmPkslcAfGglDAVthamE" ; SequenceDescription "896" ; KnownFalsePos 8
898	ps_scan|v1.88	PS00461	253	265	.	.	.	Name "6PGD" ; LevelTag "(0)" ; Sequence "IlDeaANKGTGkW" ; SequenceDescription "898" ; KnownFalsePos 0
900	ps_scan|v1.88	PS00893	38	59	.	.	.	Name "NUDIX_BOX" ; LevelTag "(0)" ; Sequence "GgvepgErieeALrREIrEElG" ; SequenceDescription "900" ; KnownFalsePos 0
903	ps_scan|v1.88	PS00901	31	49	.	.	.	Name "CYS_SYNTHASE" ; LevelTag "(0)" ; Sequence "KvEsrn.PSfSVKcRiGanM" ; SequenceDescription "903" ; KnownFalsePos 0
909	ps_scan|v1.88	PS00665	38	55	.	.	.	Name "DHDPS_1" ; LevelTag "(0)" ; Sequence "AIVsvGTTGESatlnhdE" ; SequenceDescription "909" ; KnownFalsePos 0
909	ps_scan|v1.88	PS00666	133	163	.	.	.	Name "DHDPS_2" ; LevelTag "(0)" ; Sequence "YNVPsrTgcdLlpetvgrlakvkn.IiGIKEA" ; SequenceDescription "909" ; KnownFalsePos 0
917	ps_scan|v1.88	PS00758	61	70	.	.	.	Name "ARGE_DAPE_CPG2_1" ; LevelTag "(0)" ; Sequence "LAFAGHtDVV" ; SequenceDescription "917" ; KnownFalsePos 21
917	ps_scan|v1.88	PS00759	97	136	.	.	.	Name "ARGE_DAPE_CPG2_2" ; LevelTag "(0)" ; Sequence "AADmKGslAamVvaaerfvaqhpnhtgr.LaFLItsDEEaS" ; SequenceDescription "917" ; KnownFalsePos 0
918	ps_scan|v1.88	PS00069	176	182	.	.	.	Name "G6P_DEHYDROGENASE" ; LevelTag "(0)" ; Sequence "DHYLGKE" ; SequenceDescription "918" ; KnownFalsePos 0
920	ps_scan|v1.88	PS00211	153	167	.	.	.	Name "ABC_TRANSPORTER_1" ; LevelTag "(0)" ; Sequence "LSGGQQQRVSIARAL" ; SequenceDescription "920" ; KnownFalsePos 202
922	ps_scan|v1.88	PS00070	282	293	.	.	.	Name "ALDEHYDE_DEHYDR_CYS" ; LevelTag "(0)" ; Sequence "FrNAGQTCVCAN" ; SequenceDescription "922" ; KnownFalsePos 119
922	ps_scan|v1.88	PS00687	254	261	.	.	.	Name "ALDEHYDE_DEHYDR_GLU" ; LevelTag "(0)" ; Sequence "LELGGNAP" ; SequenceDescription "922" ; KnownFalsePos 193
923	ps_scan|v1.88	PS00018	31	43	.	.	.	Name "EF_HAND_1" ; LevelTag "(-1)" ; Sequence "DINQGNYLTanDV" ; SequenceDescription "923" ; KnownFalsePos 577
924	ps_scan|v1.88	PS00152	364	373	.	.	.	Name "ATPASE_ALPHA_BETA" ; LevelTag "(0)" ; Sequence "PAIDIEASIS" ; SequenceDescription "924" ; KnownFalsePos 85
937	ps_scan|v1.88	PS00726	27	36	.	.	.	Name "AP_NUCLEASE_F1_1" ; LevelTag "(0)" ; Sequence "PDVIGLQETK" ; SequenceDescription "937" ; KnownFalsePos 0
937	ps_scan|v1.88	PS00727	197	213	.	.	.	Name "AP_NUCLEASE_F1_2" ; LevelTag "(0)" ; Sequence "DTFRHanpqtadrFSWF" ; SequenceDescription "937" ; KnownFalsePos 0
937	ps_scan|v1.88	PS00728	223	234	.	.	.	Name "AP_NUCLEASE_F1_3" ; LevelTag "(0)" ; Sequence "NrGlRIDLlLaS" ; SequenceDescription "937" ; KnownFalsePos 0
938	ps_scan|v1.88	PS00094	169	181	.	.	.	Name "C5_MTASE_1" ; LevelTag "(0)" ; Sequence "DvLlaGfPCqPFS" ; SequenceDescription "938" ; KnownFalsePos 9
938	ps_scan|v1.88	PS00095	432	450	.	.	.	Name "C5_MTASE_2" ; LevelTag "(0)" ; Sequence "RqfGNSVvVpVfaaVaklL" ; SequenceDescription "938" ; KnownFalsePos 10
942	ps_scan|v1.88	PS01040	84	106	.	.	.	Name "SBP_BACTERIAL_5" ; LevelTag "(0)" ; Sequence "AeswevldNgaTYrFhLRRDVPF" ; SequenceDescription "942" ; KnownFalsePos 0
946	ps_scan|v1.88	PS00198	61	72	.	.	.	Name "4FE4S_FER_1" ; LevelTag "(0)" ; Sequence "CvRCGqCVqACP" ; SequenceDescription "946" ; KnownFalsePos 17
955	ps_scan|v1.88	PS00455	174	185	.	.	.	Name "AMP_BINDING" ; LevelTag "(0)" ; Sequence "LLLSGGTTGtPK" ; SequenceDescription "955" ; KnownFalsePos 23
956	ps_scan|v1.88	PS01269	120	144	.	.	.	Name "UPF0025" ; LevelTag "(0)" ; Sequence "DVLvyGHTHlpvaeqrgeifhFNPG" ; SequenceDescription "956" ; KnownFalsePos 0
957	ps_scan|v1.88	PS00095	13	31	.	.	.	Name "C5_MTASE_2" ; LevelTag "(-1)" ; Sequence "FrgGNAIkVqLwwaVqatI" ; SequenceDescription "957" ; KnownFalsePos 10
957	ps_scan|v1.88	PS00101	133	161	.	.	.	Name "HEXAPEP_TRANSFERASES" ; LevelTag "(0)" ; Sequence "LAtdVfVapgVtIGdgTvVGarSsVfksL" ; SequenceDescription "957" ; KnownFalsePos 3
958	ps_scan|v1.88	PS00039	12	20	.	.	.	Name "DEAD_ATP_HELICASE" ; LevelTag "(-1)" ; Sequence "FFDEADElL" ; SequenceDescription "958" ; KnownFalsePos 76
962	ps_scan|v1.88	PS00211	407	421	.	.	.	Name "ABC_TRANSPORTER_1" ; LevelTag "(0)" ; Sequence "LSGGNQQKVIIGRWL" ; SequenceDescription "962" ; KnownFalsePos 202
967	ps_scan|v1.88	PS00595	189	208	.	.	.	Name "AA_TRANSFER_CLASS_5" ; LevelTag "(0)" ; Sequence "YGVIyaGAQKnigpa.GlTiV" ; SequenceDescription "967" ; KnownFalsePos 9
969	ps_scan|v1.88	PS00211	400	414	.	.	.	Name "ABC_TRANSPORTER_1" ; LevelTag "(0)" ; Sequence "LSGGNQQKAILGRWL" ; SequenceDescription "969" ; KnownFalsePos 202
969	ps_scan|v1.88	PS00217	299	324	.	.	.	Name "SUGAR_TRANSPORT_2" ; LevelTag "(-1)" ; Sequence "MkGMFgGTqitagqvYidQqpidirK" ; SequenceDescription "969" ; KnownFalsePos 195
972	ps_scan|v1.88	PS00908	132	157	.	.	.	Name "MR_MLE_1" ; LevelTag "(0)" ; Sequence "TiSCVDlALwDLfGKvvglPVykLLG" ; SequenceDescription "972" ; KnownFalsePos 0
973	ps_scan|v1.88	PS00606	155	171	.	.	.	Name "B_KETOACYL_SYNTHASE" ; LevelTag "(0)" ; Sequence "GPSisIAtACTSGvhNI" ; SequenceDescription "973" ; KnownFalsePos 9
980	ps_scan|v1.88	PS01075	6	17	.	.	.	Name "ACETATE_KINASE_1" ; LevelTag "(0)" ; Sequence "VLvLNcGSSSlK" ; SequenceDescription "980" ; KnownFalsePos 0
980	ps_scan|v1.88	PS01076	206	223	.	.	.	Name "ACETATE_KINASE_2" ; LevelTag "(0)" ; Sequence "IItcHlGnGgSVsAirnG" ; SequenceDescription "980" ; KnownFalsePos 4
