5      1     55 //  pd_PD051650;sp_Q32HV3_SHIDY_Q32HV3;       0      0 // S=285    E=7e-26  //  (37)  RIBOSOME MODULATION FACTOR E FACTOR-RELATED DIMERIZATION BIOGENESIS RIBOSOMES INVOLVED 70S 	 Length = 55
//
13      1     82 //  pd_PD030374;sp_YCGL_ECO57_P0AB45;       0      0 // S=425    E=4e-42  //  (62)  YCGL UNCHARACTERIZED SIMILAR BACTERIA HI1446 Y2231 HYDROLASE CYTOPLASMIC YPO2080 SO2575 	 Length = 82
//
16     23     87 //  pd_PD004282;sp_ACPS_ECO57_Q8XA39;       0      0 // S=345    E=9e-33  //  (246)  TRANSFERASE SYNTHASE HOLO-ACYL-CARRIER-PROTEIN HOLO-ACP 4_apos;-PHOSPHOPANTETHEINYL FATTY ACID METAL-BINDING MAGNESIUM LIPID 	 Length = 79
//
44      1    113 //  pd_PD073251;sp_Q8CW20_ECOL6_Q8CW20;       0      0 // S=520    E=4e-53  //  (14)  YNFB PERIPLASMIC SECRETED ORF9 PRECURSOR SIGNAL SIMILAR ECS2289 EXPORTED ESCHERICHIA 	 Length = 113
//
62      7    109 //  pd_PD020447;sp_YCIU_ECO57_P0A8L9;       0      0 // S=525    E=1e-53  //  (28)  UPF0263 YCIU HD0986 VV1228 UNCHARACTERIZED 3D-STRUCTURE VV13059 BCR PM0536 VC1208 	 Length = 103
//
67     14     61 //  pd_PD052969;sp_YNBE_ECOLI_P64448;       0      0 // S=243    E=5e-21  //  (45)  LIPOPROTEIN PRECURSOR SIGNAL YNBE MEMBRANE OUTER POSSIBLE SIMILAR ECS2004 SO2063 	 Length = 48
//
88     23    111 //  pd_PD028709;sp_Q8FHB0_ECOL6_Q8FHB0;       0      0 // S=452    E=3e-45  //  (26)  MEMBRANE INNER YDGC GLPM ALGINATE BIOSYNTHESIS TRANSMEMBRANE REQUIRED FOR UNCHARACTERIZED 	 Length = 98
//
105    253    331 //  pd_PD005323;sp_RUVB_SHIFL_Q83KR5;       0      0 // S=420    E=1e-40  //  (325)  DNA HELICASE HOLLIDAY JUNCTION RUVB NUCLEOTIDE-BINDING ATP-BINDING SOS RECOMBINATION RESPONSE 	 Length = 79
//
127     20    118 //  pd_PD077599;sp_Q322G8_SHIBO_Q322G8;       0      0 // S=521    E=3e-53  //  (15)  YEBF LIPOPROTEIN EXPORTED PERIPLASMIC PRECURSOR SIGNAL SIMILAR PALMITATE MEMBRANE ESCHERICHIA 	 Length = 99
//
129     56    105 //  pd_PD002610;sp_HIS2_ECOLI_P06989;       0      0 // S=278    E=2e-24  //  (315)  PHOSPHORIBOSYL-AMP BIOSYNTHESIS CYCLOHYDROLASE HYDROLASE HISTIDINE AMINO-ACID PRA-CH PHOSPHORIBOSYL-ATP BIFUNCTIONAL INCLUDES: 	 Length = 50
//
131     32    108 //  pd_PD020518;sp_O64321_BPN15_O64321;       0      0 // S=165    E=6e-12  //  (14)  CAPSID HEAD PROPHAGE DECORATION SUBUNIT SMALL 3D-STRUCTURE MAJOR GIFSY-1 STRUCTURAL 	 Length = 86
//
157      1    179 //  pd_PD095266;sp_Q32D56_SHIDY_Q32D56;       0      0 // S=758    E=3e-80  //  (9)  MEMBRANE YFGI EXPORTED 	 Length = 179
//
160     14    138 //  pd_PD004488;sp_SSRP_ECO57_P0A834;       0      0 // S=665    E=1e-69  //  (338)  SSRA-BINDING RNA-BINDING SMPB SMALL B TMRNA-BINDING SSRA 3D-STRUCTURE HOMOLOG BINDING 	 Length = 125
//
185      8    141 //  pd_PD090021;sp_Q31X38_SHIBO_Q31X38;       0      0 // S=699    E=1e-73  //  (22)  MEMBRANE YGAW TRANSMEMBRANE INNER VV2263 Y3636 VC1828 VP1070 	 Length = 134
//
209     21     72 //  pd_PD002389;sp_RL20_VIBCH_P0A479;       0      0 // S=184    E=4e-14  //  (407)  RIBOSOMAL RRNA-BINDING RNA-BINDING RIBONUCLEOPROTEIN L20 50S L20 CHLOROPLAST BACTERIAL ORGANELLE 	 Length = 52
//
224      1     76 //  pd_PD057609;sp_HOLE_ECOL6_P0ABS9;       0      0 // S=392    E=3e-38  //  (21)  DNA POLYMERASE THETA SUBUNIT TRANSFERASE III NUCLEOTIDYLTRANSFERASE III DNA-DIRECTED REPLICATION 	 Length = 76
//
235      1    127 //  pd_PD021249;sp_Q8FI45_ECOL6_Q8FI45;       0      0 // S=677    E=3e-71  //  (12)  YDFO YCGX ENVELOPE CYTOPLASMIC STY1988 CP-933X ECS1626 YBCV PROPHAGE 	 Length = 127
//
254      1    217 //  pd_PD038144;sp_REGQ_BP82_P13870;       0      0 // S=1055   E=2e-114 //  (13)  ANTITERMINATOR Q PROPHAGE TRANSCRIPTION ANTITERMINATION CP-933P GIFSY-1 ENCODED BY Q-LIKE 	 Length = 218
//
267     16    314 //  pd_PD135861;sp_CSID_ECOL6_Q8FES6;       0      0 // S=1437   E=1e-158 //  (16)  METAL-BINDING IRON CSID GAB CYTOPLASMIC 3D-STRUCTURE HOMOLOG DIRECT SEQUENCING 	 Length = 299
//
279     80    172 //  pd_PD353566;sp_YFBR_ECOL6_Q8FFJ5;       0      0 // S=481    E=5e-48  //  (40)  UPF0207 HYDROLASE HD PHOSPHOHYDROLASE METAL-DEPENDENT SUBDOMAIN YFBR PHOSPHOHYDROLASE NUCLEOTIDE-BINDING NUCLEOSIDE 	 Length = 93
//
283      1     37 //  pd_PD049682;sp_Q32ER7_SHIDY_Q32ER7;       0      0 // S=175    E=4e-13  //  (10)  YCEO INNER MEMBRANE STY1197 	 Length = 37
//
285     16     62 //  pd_PD003442;sp_EUTM_SALTY_P41791;       0      0 // S=226    E=5e-19  //  (277)  UTILIZATION MICROCOMPARTMENTS PROPANEDIOL CONCENTRATING CARBON DIOXIDE MECHANISM CARBOXYSOME ETHANOLAMINE SHELL 	 Length = 47
//
293     31     67 //  pd_PD005979;sp_HOK_ECOLI_P11895;       0      0 // S=111    E=1e-05  //  (31)  PLASMID MEMBRANE TRANSMEMBRANE POST-SEGREGATION KILLING INHERITANCE ALTERING PERMEABILITY STABLE MAINTENANCE 	 Length = 48
//
382     14     68 //  pd_PD056452;sp_Q3YZD2_SHISS_Q3YZD2;       0      0 // S=273    E=2e-24  //  (63)  UNCHARACTERIZED BACTERIA SIMILAR YPEB CYTOPLASMIC VCA0163 PRODUCT STM2426 GENE YPO2988 	 Length = 55
//
395      1     80 //  pd_PD857460;sp_Q8FFE6_ECOL6_Q8FFE6;       0      0 // S=397    E=8e-39  //  (11)  MEMBRANE YFDY INNER TRANSMEMBRANE STY2638 ECS3257 	 Length = 80
//
431     23     65 //  pd_PD019366;sp_VHTJ_ECOL6_P68659;       0      0 // S=217    E=6e-18  //  (14)  PROPHAGE HEAD JOINING GP3 COMPLETION HEAD-TO-TAIL W PROPHAGE-DERIVED DNA HEAD-TAIL 	 Length = 43
//
495      6    119 //  pd_PD060594;sp_YFEC_SHIFL_P0AD39;       0      0 // S=588    E=6e-61  //  (23)  TRANSCRIPTION YFED YFEC DNA-BINDING REGULATION NEGATIVE REGULATOR STY2653 ECS3274 STY2652 	 Length = 114
//
547     21    148 //  pd_PD091196;sp_Q3Z2G1_SHISS_Q3Z2G1;       0      0 // S=661    E=3e-69  //  (23)  MEMBRANE UPF0266 TRANSMEMBRANE INNER YOBD PLU2700 LMO0779 PM0830 YPO1755/Y2554/YP1637 LIN0773 	 Length = 142
//
562      1    131 //  pd_PD033720;sp_YCBG_ECOL6_Q8FJ81;       0      0 // S=686    E=4e-72  //  (26)  UPF0268 YCBG DEHYDROGENASE PM0482 PBPRA1775 PLU1774 YPO1433/Y2737/YP0877 VV1664 HI1323 HD0178 	 Length = 131
//
578      6     93 //  pd_PD012503;sp_RL25_ECOL6_Q8FFS1;       0      0 // S=455    E=1e-45  //  (279)  RIBOSOMAL L25 50S RRNA-BINDING RNA-BINDING RIBONUCLEOPROTEIN STRESS GENERAL CTC RRNA 	 Length = 88
//
601      1    191 //  pd_PD105195;sp_Q8CVT9_ECOL6_Q8CVT9;       0      0 // S=1013   E=8e-110 //  (15)  LIPOPROTEIN YFEY MEMBRANE OUTER PRECURSOR SIGNAL ESCHERICHIA ECS3303 EXPORTED Y1456 	 Length = 191
//
632      1     77 //  pd_PD060536;sp_Q32HD1_SHIDY_Q32HD1;       0      0 // S=387    E=1e-37  //  (7)  YECJ YPO1738 	 Length = 77
//
695      1     45 //  pd_PD049510;sp_Q3Z1M3_SHISS_Q3Z1M3;       0      0 // S=229    E=2e-19  //  (9)  RIBOSOMAL S22 30S RIBONUCLEOPROTEIN SUBUNIT D RIBOSOME- SEQUENCING DIRECT ASSOCIATED 	 Length = 45
//
734      1    164 //  pd_PD035118;sp_YFBU_ECO57_Q8XCV1;       0      0 // S=889    E=1e-95  //  (27)  UPF0304 YFBU PLASMID YPO2563/Y1624/YP2374 YBFU PM1500 OXYGEN ECA3037 VV12093 PROTEIN 	 Length = 164
//
794      1    178 //  pd_PD035714;sp_Q32FH5_SHIDY_Q32FH5;       0      0 // S=931    E=2e-100 //  (17)  MEMBRANE REGULATOR YNIB TRANSMEMBRANE YFEABCD YFEE PROBABLE LOCUS ESCHERICHIA ECS2432 	 Length = 178
//
837      1    136 //  pd_PD460230;sp_PGAD_ECOLI_P69432;       0      0 // S=487    E=3e-49  //  (8)  MEMBRANE STORAGE INNER HAEMIN SYSTEM HMSS PGA BIOFILM PGAD TRANSMEMBRANE 	 Length = 137
//
841      1    208 //  pd_PD038144;sp_Q7AGG5_ECO57_Q7AGG5;       0      0 // S=310    E=4e-28  //  (13)  ANTITERMINATOR Q PROPHAGE TRANSCRIPTION ANTITERMINATION CP-933P GIFSY-1 ENCODED BY Q-LIKE 	 Length = 218
//
847      9    155 //  pd_PD013172;sp_LUXS_ECOL6_Q8FEP8;       0      0 // S=799    E=5e-85  //  (143)  LYASE SYNTHESIS LUXS AUTOINDUCER-2 PRODUCTION AUTOINDUCER S-RIBOSYLHOMOCYSTEINE AI-2 QUORUM SENSING 	 Length = 147
//
857      1    192 //  pd_PD016592;sp_FLHC_ECO57_P0ABY9;       0      0 // S=1022   E=8e-111 //  (62)  ACTIVATOR TRANSCRIPTIONAL FLAGELLUM FLAGELLAR TRANSCRIPTION FLHC RNA DNA-BINDING REGULATION DNA-DIRECTED 	 Length = 192
//
950      1     96 //  pd_PD066031;sp_Q8FH18_ECOL6_Q8FH18;       0      0 // S=490    E=1e-49  //  (11)  YDIZ CYTOPLASMIC STY1786 	 Length = 96
//
978      1    122 //  pd_PD060594;sp_Q8FFD0_ECOL6_Q8FFD0;       0      0 // S=560    E=9e-58  //  (23)  TRANSCRIPTION YFED YFEC DNA-BINDING REGULATION NEGATIVE REGULATOR STY2653 ECS3274 STY2652 	 Length = 122
//
979     13    248 //  pd_PD120112;sp_YNFC_ECOL6_Q8FHC4;       0      0 // S=1249   E=6e-137 //  (10)  LIPOPROTEIN YNFC MEMBRANE UPF0257 PRECURSOR PALMITATE SIGNAL INNER 	 Length = 236
//
997      1     81 //  pd_PD059807;sp_Q32FZ4_SHIDY_Q32FZ4;       0      0 // S=421    E=1e-41  //  (8)  YMJA ECS1872 	 Length = 81
//
998      1     44 //  pd_PD005979;sp_Q328L8_SHIDY_Q328L8;       0      0 // S=85     E=0.009  //  (31)  PLASMID MEMBRANE TRANSMEMBRANE POST-SEGREGATION KILLING INHERITANCE ALTERING PERMEABILITY STABLE MAINTENANCE 	 Length = 46
//
